<?xml version="1.0" encoding="UTF-8"?>
<testng-results ignored="0" total="1" passed="1" failed="0" skipped="0">
  <reporter-output>
  </reporter-output>
  <suite started-at="2022-06-26T18:12:37Z" name="Default suite" finished-at="2022-06-26T18:12:39Z" duration-ms="1649">
    <groups>
    </groups>
    <test started-at="2022-06-26T18:12:37Z" name="Default test" finished-at="2022-06-26T18:12:39Z" duration-ms="1649">
      <class name="test.LoginTest">
        <test-method signature="validUserShouldBeAbleToLogin()[pri:0, instance:test.LoginTest@1672fe87]" started-at="2022-06-26T18:12:37Z" name="validUserShouldBeAbleToLogin" finished-at="2022-06-26T18:12:39Z" duration-ms="1634" status="PASS">
          <reporter-output>
          </reporter-output>
        </test-method> <!-- validUserShouldBeAbleToLogin -->
      </class> <!-- test.LoginTest -->
    </test> <!-- Default test -->
  </suite> <!-- Default suite -->
</testng-results>
